Info: Starting: Create block symbol file (.bsf)
Info: qsys-generate /home/taisen/Documents/DE0_NANO_SOC_GHRD_MTL/soc_system.qsys --block-symbol-file --output-directory=/home/taisen/Documents/DE0_NANO_SOC_GHRD_MTL/soc_system --family="Cyclone V" --part=5CSEMA4U23C6
Progress: Loading DE0_NANO_SOC_GHRD_MTL/soc_system.qsys
Progress: Reading input file
Progress: Adding alt_vip_itc_0 [alt_vip_itc 14.0]
Progress: Parameterizing module alt_vip_itc_0
Progress: Adding alt_vip_tpg_0 [alt_vip_tpg 13.1]
Progress: Parameterizing module alt_vip_tpg_0
Progress: Adding alt_vip_vfr_0 [alt_vip_vfr 14.0]
Progress: Parameterizing module alt_vip_vfr_0
Progress: Adding button_pio [altera_avalon_pio 15.0]
Progress: Parameterizing module button_pio
Progress: Adding clk_0 [clock_source 15.0]
Progress: Parameterizing module clk_0
Progress: Adding dipsw_pio [altera_avalon_pio 15.0]
Progress: Parameterizing module dipsw_pio
Progress: Adding fpga_only_master [altera_jtag_avalon_master 15.0]
Progress: Parameterizing module fpga_only_master
Progress: Adding hps_0 [altera_hps 15.0]
Progress: Parameterizing module hps_0
Progress: Adding hps_only_master [altera_jtag_avalon_master 15.0]
Progress: Parameterizing module hps_only_master
Progress: Adding intr_capturer_0 [intr_capturer 100.99.98.97]
Progress: Parameterizing module intr_capturer_0
Progress: Adding jtag_uart [altera_avalon_jtag_uart 15.0]
Progress: Parameterizing module jtag_uart
Progress: Adding led_pio [altera_avalon_pio 15.0]
Progress: Parameterizing module led_pio
Progress: Adding onchip_memory2_0 [altera_avalon_onchip_memory2 15.0]
Progress: Parameterizing module onchip_memory2_0
Progress: Adding pll_0 [altera_pll 15.0]
Progress: Parameterizing module pll_0
Progress: Adding sysid_qsys [altera_avalon_sysid_qsys 15.0]
Progress: Parameterizing module sysid_qsys
Progress: Building connections
Progress: Parameterizing connections
Progress: Validating
Progress: Done reading input file
Info: soc_system.alt_vip_tpg_0: The Test Pattern Generator will no longer be available after 14.1, please upgrade to the Test Pattern Generator II.
Warning: soc_system.alt_vip_vfr_0: The module properties SIMULATION_MODEL_IN_VERILOG and SIMULATION_MODEL_IN_VHDL can not both be set when using the SIMULATION file property: src_hdl/alt_vipvfr131_vfr.v, src_hdl/alt_vipvfr131_vfr_controller.v, src_hdl/alt_vipvfr131_vfr_control_packet_encoder.v, src_hdl/alt_vipvfr131_prc.v, src_hdl/alt_vipvfr131_prc_core.v, src_hdl/alt_vipvfr131_prc_read_master.v, /home/taisen/altera/15.0/ip/altera/frame_reader/common_hdl/alt_vipvfr131_common_package.vhd, /home/taisen/altera/15.0/ip/altera/frame_reader/common_hdl/alt_vipvfr131_common_avalon_mm_bursting_master_fifo.vhd, /home/taisen/altera/15.0/ip/altera/frame_reader/common_hdl/alt_vipvfr131_common_avalon_mm_master.v, /home/taisen/altera/15.0/ip/altera/frame_reader/common_hdl/alt_vipvfr131_common_unpack_data.v, /home/taisen/altera/15.0/ip/altera/frame_reader/common_hdl/alt_vipvfr131_common_avalon_mm_slave.v, /home/taisen/altera/15.0/ip/altera/frame_reader/common_hdl/alt_vipvfr131_common_stream_output.v, /home/taisen/altera/15.0/ip/altera/frame_reader/common_hdl/alt_vipvfr131_common_pulling_width_adapter.vhd, /home/taisen/altera/15.0/ip/altera/frame_reader/common_hdl/alt_vipvfr131_common_general_fifo.vhd, /home/taisen/altera/15.0/ip/altera/frame_reader/common_hdl/alt_vipvfr131_common_fifo_usedw_calculator.vhd, /home/taisen/altera/15.0/ip/altera/frame_reader/common_hdl/alt_vipvfr131_common_gray_clock_crosser.vhd, /home/taisen/altera/15.0/ip/altera/frame_reader/common_hdl/alt_vipvfr131_common_std_logic_vector_delay.vhd, /home/taisen/altera/15.0/ip/altera/frame_reader/common_hdl/alt_vipvfr131_common_one_bit_delay.vhd, /home/taisen/altera/15.0/ip/altera/frame_reader/common_hdl/alt_vipvfr131_common_logic_fifo.vhd, /home/taisen/altera/15.0/ip/altera/frame_reader/common_hdl/alt_vipvfr131_common_ram_fifo.vhd
Info: soc_system.button_pio: PIO inputs are not hardwired in test bench. Undefined values will be read from PIO inputs during simulation.
Info: soc_system.dipsw_pio: PIO inputs are not hardwired in test bench. Undefined values will be read from PIO inputs during simulation.
Info: soc_system.hps_0: HPS Main PLL counter settings: n = 0  m = 63
Info: soc_system.hps_0: HPS peripherial PLL counter settings: n = 0  m = 39
Info: soc_system.pll_0: The legal reference clock frequency is 5.0 MHz..800.0 MHz
Warning: soc_system.pll_0: Able to implement PLL - Actual settings differ from Requested settings
Info: soc_system.sysid_qsys: System ID is not assigned automatically. Edit the System ID parameter to provide a unique ID
Info: soc_system.sysid_qsys: Time stamp will be automatically updated when this component is generated.
Warning: soc_system.alt_vip_vfr_0.avalon_streaming_source: alt_vip_vfr_0.avalon_streaming_source must be connected to an Avalon-ST sink
Warning: soc_system.pll_0: pll_0.locked must be exported, or connected to a matching conduit.
Info: ip-generate succeeded.
Info: Finished: Create block symbol file (.bsf)
Info: 
Info: Starting: Create HDL design files for synthesis
Info: qsys-generate /home/taisen/Documents/DE0_NANO_SOC_GHRD_MTL/soc_system.qsys --synthesis=VERILOG --output-directory=/home/taisen/Documents/DE0_NANO_SOC_GHRD_MTL/soc_system/synthesis --family="Cyclone V" --part=5CSEMA4U23C6
Progress: Loading DE0_NANO_SOC_GHRD_MTL/soc_system.qsys
Progress: Reading input file
Progress: Adding alt_vip_itc_0 [alt_vip_itc 14.0]
Progress: Parameterizing module alt_vip_itc_0
Progress: Adding alt_vip_tpg_0 [alt_vip_tpg 13.1]
Progress: Parameterizing module alt_vip_tpg_0
Progress: Adding alt_vip_vfr_0 [alt_vip_vfr 14.0]
Progress: Parameterizing module alt_vip_vfr_0
Progress: Adding button_pio [altera_avalon_pio 15.0]
Progress: Parameterizing module button_pio
Progress: Adding clk_0 [clock_source 15.0]
Progress: Parameterizing module clk_0
Progress: Adding dipsw_pio [altera_avalon_pio 15.0]
Progress: Parameterizing module dipsw_pio
Progress: Adding fpga_only_master [altera_jtag_avalon_master 15.0]
Progress: Parameterizing module fpga_only_master
Progress: Adding hps_0 [altera_hps 15.0]
Progress: Parameterizing module hps_0
Progress: Adding hps_only_master [altera_jtag_avalon_master 15.0]
Progress: Parameterizing module hps_only_master
Progress: Adding intr_capturer_0 [intr_capturer 100.99.98.97]
Progress: Parameterizing module intr_capturer_0
Progress: Adding jtag_uart [altera_avalon_jtag_uart 15.0]
Progress: Parameterizing module jtag_uart
Progress: Adding led_pio [altera_avalon_pio 15.0]
Progress: Parameterizing module led_pio
Progress: Adding onchip_memory2_0 [altera_avalon_onchip_memory2 15.0]
Progress: Parameterizing module onchip_memory2_0
Progress: Adding pll_0 [altera_pll 15.0]
Progress: Parameterizing module pll_0
Progress: Adding sysid_qsys [altera_avalon_sysid_qsys 15.0]
Progress: Parameterizing module sysid_qsys
Progress: Building connections
Progress: Parameterizing connections
Progress: Validating
Progress: Done reading input file
Info: soc_system.alt_vip_tpg_0: The Test Pattern Generator will no longer be available after 14.1, please upgrade to the Test Pattern Generator II.
Warning: soc_system.alt_vip_vfr_0: The module properties SIMULATION_MODEL_IN_VERILOG and SIMULATION_MODEL_IN_VHDL can not both be set when using the SIMULATION file property: src_hdl/alt_vipvfr131_vfr.v, src_hdl/alt_vipvfr131_vfr_controller.v, src_hdl/alt_vipvfr131_vfr_control_packet_encoder.v, src_hdl/alt_vipvfr131_prc.v, src_hdl/alt_vipvfr131_prc_core.v, src_hdl/alt_vipvfr131_prc_read_master.v, /home/taisen/altera/15.0/ip/altera/frame_reader/common_hdl/alt_vipvfr131_common_package.vhd, /home/taisen/altera/15.0/ip/altera/frame_reader/common_hdl/alt_vipvfr131_common_avalon_mm_bursting_master_fifo.vhd, /home/taisen/altera/15.0/ip/altera/frame_reader/common_hdl/alt_vipvfr131_common_avalon_mm_master.v, /home/taisen/altera/15.0/ip/altera/frame_reader/common_hdl/alt_vipvfr131_common_unpack_data.v, /home/taisen/altera/15.0/ip/altera/frame_reader/common_hdl/alt_vipvfr131_common_avalon_mm_slave.v, /home/taisen/altera/15.0/ip/altera/frame_reader/common_hdl/alt_vipvfr131_common_stream_output.v, /home/taisen/altera/15.0/ip/altera/frame_reader/common_hdl/alt_vipvfr131_common_pulling_width_adapter.vhd, /home/taisen/altera/15.0/ip/altera/frame_reader/common_hdl/alt_vipvfr131_common_general_fifo.vhd, /home/taisen/altera/15.0/ip/altera/frame_reader/common_hdl/alt_vipvfr131_common_fifo_usedw_calculator.vhd, /home/taisen/altera/15.0/ip/altera/frame_reader/common_hdl/alt_vipvfr131_common_gray_clock_crosser.vhd, /home/taisen/altera/15.0/ip/altera/frame_reader/common_hdl/alt_vipvfr131_common_std_logic_vector_delay.vhd, /home/taisen/altera/15.0/ip/altera/frame_reader/common_hdl/alt_vipvfr131_common_one_bit_delay.vhd, /home/taisen/altera/15.0/ip/altera/frame_reader/common_hdl/alt_vipvfr131_common_logic_fifo.vhd, /home/taisen/altera/15.0/ip/altera/frame_reader/common_hdl/alt_vipvfr131_common_ram_fifo.vhd
Info: soc_system.button_pio: PIO inputs are not hardwired in test bench. Undefined values will be read from PIO inputs during simulation.
Info: soc_system.dipsw_pio: PIO inputs are not hardwired in test bench. Undefined values will be read from PIO inputs during simulation.
Info: soc_system.hps_0: HPS Main PLL counter settings: n = 0  m = 63
Info: soc_system.hps_0: HPS peripherial PLL counter settings: n = 0  m = 39
Info: soc_system.pll_0: The legal reference clock frequency is 5.0 MHz..800.0 MHz
Warning: soc_system.pll_0: Able to implement PLL - Actual settings differ from Requested settings
Info: soc_system.sysid_qsys: System ID is not assigned automatically. Edit the System ID parameter to provide a unique ID
Info: soc_system.sysid_qsys: Time stamp will be automatically updated when this component is generated.
Warning: soc_system.alt_vip_vfr_0.avalon_streaming_source: alt_vip_vfr_0.avalon_streaming_source must be connected to an Avalon-ST sink
Warning: soc_system.pll_0: pll_0.locked must be exported, or connected to a matching conduit.
Info: soc_system: Generating soc_system "soc_system" for QUARTUS_SYNTH
Info: Inserting clock-crossing logic between cmd_demux_003.src5 and cmd_mux_007.sink0
Info: Inserting clock-crossing logic between cmd_demux_004.src5 and cmd_mux_007.sink1
Info: Inserting clock-crossing logic between rsp_demux_007.src0 and rsp_mux_003.sink5
Info: Inserting clock-crossing logic between rsp_demux_007.src1 and rsp_mux_004.sink5
Warning: hps_0.f2h_irq0: Cannot connect clock for irq_mapper.sender
Warning: hps_0.f2h_irq0: Cannot connect reset for irq_mapper.sender
Warning: hps_0.f2h_irq1: Cannot connect clock for irq_mapper_001.sender
Warning: hps_0.f2h_irq1: Cannot connect reset for irq_mapper_001.sender
Info: alt_vip_itc_0: "soc_system" instantiated alt_vip_itc "alt_vip_itc_0"
Info: alt_vip_tpg_0: "soc_system" instantiated alt_vip_tpg "alt_vip_tpg_0"
Info: alt_vip_vfr_0: "soc_system" instantiated alt_vip_vfr "alt_vip_vfr_0"
Info: button_pio: Starting RTL generation for module 'soc_system_button_pio'
Info: button_pio:   Generation command is [exec /home/taisen/altera/15.0/quartus/linux64/perl/bin/perl -I /home/taisen/altera/15.0/quartus/linux64/perl/lib -I /home/taisen/altera/15.0/quartus/sopc_builder/bin/europa -I /home/taisen/altera/15.0/quartus/sopc_builder/bin/perl_lib -I /home/taisen/altera/15.0/quartus/sopc_builder/bin -I /home/taisen/altera/15.0/quartus/../ip/altera/sopc_builder_ip/common -I /home/taisen/altera/15.0/quartus/../ip/altera/sopc_builder_ip/altera_avalon_pio -- /home/taisen/altera/15.0/quartus/../ip/altera/sopc_builder_ip/altera_avalon_pio/generate_rtl.pl --name=soc_system_button_pio --dir=/tmp/alt6679_6162791161688907140.dir/0005_button_pio_gen/ --quartus_dir=/home/taisen/altera/15.0/quartus --verilog --config=/tmp/alt6679_6162791161688907140.dir/0005_button_pio_gen//soc_system_button_pio_component_configuration.pl  --do_build_sim=0  ]
Info: button_pio: Done RTL generation for module 'soc_system_button_pio'
Info: button_pio: "soc_system" instantiated altera_avalon_pio "button_pio"
Info: dipsw_pio: Starting RTL generation for module 'soc_system_dipsw_pio'
Info: dipsw_pio:   Generation command is [exec /home/taisen/altera/15.0/quartus/linux64/perl/bin/perl -I /home/taisen/altera/15.0/quartus/linux64/perl/lib -I /home/taisen/altera/15.0/quartus/sopc_builder/bin/europa -I /home/taisen/altera/15.0/quartus/sopc_builder/bin/perl_lib -I /home/taisen/altera/15.0/quartus/sopc_builder/bin -I /home/taisen/altera/15.0/quartus/../ip/altera/sopc_builder_ip/common -I /home/taisen/altera/15.0/quartus/../ip/altera/sopc_builder_ip/altera_avalon_pio -- /home/taisen/altera/15.0/quartus/../ip/altera/sopc_builder_ip/altera_avalon_pio/generate_rtl.pl --name=soc_system_dipsw_pio --dir=/tmp/alt6679_6162791161688907140.dir/0006_dipsw_pio_gen/ --quartus_dir=/home/taisen/altera/15.0/quartus --verilog --config=/tmp/alt6679_6162791161688907140.dir/0006_dipsw_pio_gen//soc_system_dipsw_pio_component_configuration.pl  --do_build_sim=0  ]
Info: dipsw_pio: Done RTL generation for module 'soc_system_dipsw_pio'
Info: dipsw_pio: "soc_system" instantiated altera_avalon_pio "dipsw_pio"
Info: fpga_only_master: "soc_system" instantiated altera_jtag_avalon_master "fpga_only_master"
Info: hps_0: "Running  for module: hps_0"
Info: hps_0: HPS Main PLL counter settings: n = 0  m = 63
Info: hps_0: HPS peripherial PLL counter settings: n = 0  m = 39
Info: hps_0: "soc_system" instantiated altera_hps "hps_0"
Info: intr_capturer_0: "soc_system" instantiated intr_capturer "intr_capturer_0"
Info: jtag_uart: Starting RTL generation for module 'soc_system_jtag_uart'
Info: jtag_uart:   Generation command is [exec /home/taisen/altera/15.0/quartus/linux64/perl/bin/perl -I /home/taisen/altera/15.0/quartus/linux64/perl/lib -I /home/taisen/altera/15.0/quartus/sopc_builder/bin/europa -I /home/taisen/altera/15.0/quartus/sopc_builder/bin/perl_lib -I /home/taisen/altera/15.0/quartus/sopc_builder/bin -I /home/taisen/altera/15.0/quartus/../ip/altera/sopc_builder_ip/common -I /home/taisen/altera/15.0/quartus/../ip/altera/sopc_builder_ip/altera_avalon_jtag_uart -- /home/taisen/altera/15.0/quartus/../ip/altera/sopc_builder_ip/altera_avalon_jtag_uart/generate_rtl.pl --name=soc_system_jtag_uart --dir=/tmp/alt6679_6162791161688907140.dir/0008_jtag_uart_gen/ --quartus_dir=/home/taisen/altera/15.0/quartus --verilog --config=/tmp/alt6679_6162791161688907140.dir/0008_jtag_uart_gen//soc_system_jtag_uart_component_configuration.pl  --do_build_sim=0  ]
Info: jtag_uart: Done RTL generation for module 'soc_system_jtag_uart'
Info: jtag_uart: "soc_system" instantiated altera_avalon_jtag_uart "jtag_uart"
Info: led_pio: Starting RTL generation for module 'soc_system_led_pio'
Info: led_pio:   Generation command is [exec /home/taisen/altera/15.0/quartus/linux64/perl/bin/perl -I /home/taisen/altera/15.0/quartus/linux64/perl/lib -I /home/taisen/altera/15.0/quartus/sopc_builder/bin/europa -I /home/taisen/altera/15.0/quartus/sopc_builder/bin/perl_lib -I /home/taisen/altera/15.0/quartus/sopc_builder/bin -I /home/taisen/altera/15.0/quartus/../ip/altera/sopc_builder_ip/common -I /home/taisen/altera/15.0/quartus/../ip/altera/sopc_builder_ip/altera_avalon_pio -- /home/taisen/altera/15.0/quartus/../ip/altera/sopc_builder_ip/altera_avalon_pio/generate_rtl.pl --name=soc_system_led_pio --dir=/tmp/alt6679_6162791161688907140.dir/0009_led_pio_gen/ --quartus_dir=/home/taisen/altera/15.0/quartus --verilog --config=/tmp/alt6679_6162791161688907140.dir/0009_led_pio_gen//soc_system_led_pio_component_configuration.pl  --do_build_sim=0  ]
Info: led_pio: Done RTL generation for module 'soc_system_led_pio'
Info: led_pio: "soc_system" instantiated altera_avalon_pio "led_pio"
Info: onchip_memory2_0: Starting RTL generation for module 'soc_system_onchip_memory2_0'
Info: onchip_memory2_0:   Generation command is [exec /home/taisen/altera/15.0/quartus/linux64/perl/bin/perl -I /home/taisen/altera/15.0/quartus/linux64/perl/lib -I /home/taisen/altera/15.0/quartus/sopc_builder/bin/europa -I /home/taisen/altera/15.0/quartus/sopc_builder/bin/perl_lib -I /home/taisen/altera/15.0/quartus/sopc_builder/bin -I /home/taisen/altera/15.0/quartus/../ip/altera/sopc_builder_ip/common -I /home/taisen/altera/15.0/quartus/../ip/altera/sopc_builder_ip/altera_avalon_onchip_memory2 -- /home/taisen/altera/15.0/quartus/../ip/altera/sopc_builder_ip/altera_avalon_onchip_memory2/generate_rtl.pl --name=soc_system_onchip_memory2_0 --dir=/tmp/alt6679_6162791161688907140.dir/0010_onchip_memory2_0_gen/ --quartus_dir=/home/taisen/altera/15.0/quartus --verilog --config=/tmp/alt6679_6162791161688907140.dir/0010_onchip_memory2_0_gen//soc_system_onchip_memory2_0_component_configuration.pl  --do_build_sim=0  ]
Info: onchip_memory2_0: Done RTL generation for module 'soc_system_onchip_memory2_0'
Info: onchip_memory2_0: "soc_system" instantiated altera_avalon_onchip_memory2 "onchip_memory2_0"
Info: pll_0: "soc_system" instantiated altera_pll "pll_0"
Info: sysid_qsys: "soc_system" instantiated altera_avalon_sysid_qsys "sysid_qsys"
Info: mm_interconnect_0: "soc_system" instantiated altera_mm_interconnect "mm_interconnect_0"
Info: avalon_st_adapter: Inserting error_adapter: error_adapter_0
Info: avalon_st_adapter_001: Inserting error_adapter: error_adapter_0
Info: avalon_st_adapter_002: Inserting error_adapter: error_adapter_0
Info: avalon_st_adapter_003: Inserting error_adapter: error_adapter_0
Info: avalon_st_adapter_004: Inserting error_adapter: error_adapter_0
Info: avalon_st_adapter_005: Inserting error_adapter: error_adapter_0
Info: avalon_st_adapter_006: Inserting error_adapter: error_adapter_0
Info: avalon_st_adapter_007: Inserting error_adapter: error_adapter_0
Info: mm_interconnect_1: "soc_system" instantiated altera_mm_interconnect "mm_interconnect_1"
Info: irq_mapper: "soc_system" instantiated altera_irq_mapper "irq_mapper"
Info: irq_mapper_001: "soc_system" instantiated altera_irq_mapper "irq_mapper_001"
Info: irq_mapper_002: "soc_system" instantiated altera_irq_mapper "irq_mapper_002"
Info: rst_controller: "soc_system" instantiated altera_reset_controller "rst_controller"
Info: bar_pattern_width_counter_au_sload_muxinst: "alt_vip_tpg_0" instantiated alt_cusp_muxbin2 "bar_pattern_width_counter_au_sload_muxinst"
Info: bar_pattern_width_counter_au: "alt_vip_tpg_0" instantiated alt_au "bar_pattern_width_counter_au"
Info: dout_wdata_muxinst: "alt_vip_tpg_0" instantiated alt_cusp_muxhot16 "dout_wdata_muxinst"
Info: dout: "alt_vip_tpg_0" instantiated alt_avalon_st_output "dout"
Info: Reusing file /home/taisen/Documents/DE0_NANO_SOC_GHRD_MTL/soc_system/synthesis/submodules/alt_cusp150_package.vhd
Info: pc: "alt_vip_tpg_0" instantiated alt_pc "pc"
Info: Reusing file /home/taisen/Documents/DE0_NANO_SOC_GHRD_MTL/soc_system/synthesis/submodules/alt_cusp150_package.vhd
Info: values_c1_id_813_line376: "alt_vip_tpg_0" instantiated alt_mem "values_c1_id_813_line376"
Info: Reusing file /home/taisen/Documents/DE0_NANO_SOC_GHRD_MTL/soc_system/synthesis/submodules/alt_cusp150_package.vhd
Info: values_c1_id_813_line376_lua: "alt_vip_tpg_0" instantiated alt_lu "values_c1_id_813_line376_lua"
Info: Reusing file /home/taisen/Documents/DE0_NANO_SOC_GHRD_MTL/soc_system/synthesis/submodules/alt_cusp150_package.vhd
Info: fu_id_1267_line424_74: "alt_vip_tpg_0" instantiated alt_cmp "fu_id_1267_line424_74"
Info: Reusing file /home/taisen/Documents/DE0_NANO_SOC_GHRD_MTL/soc_system/synthesis/submodules/alt_cusp150_package.vhd
Info: write_wire_2_comb_id_1472: "alt_vip_tpg_0" instantiated alt_reg "write_wire_2_comb_id_1472"
Info: Reusing file /home/taisen/Documents/DE0_NANO_SOC_GHRD_MTL/soc_system/synthesis/submodules/alt_cusp150_package.vhd
Info: clocksource: "alt_vip_tpg_0" instantiated alt_cusp_testbench_clock "clocksource"
Info: Reusing file /home/taisen/Documents/DE0_NANO_SOC_GHRD_MTL/soc_system/synthesis/submodules/alt_cusp150_package.vhd
Info: jtag_phy_embedded_in_jtag_master: "fpga_only_master" instantiated altera_jtag_dc_streaming "jtag_phy_embedded_in_jtag_master"
Info: timing_adt: "fpga_only_master" instantiated timing_adapter "timing_adt"
Info: fifo: "fpga_only_master" instantiated altera_avalon_sc_fifo "fifo"
Info: b2p: "fpga_only_master" instantiated altera_avalon_st_bytes_to_packets "b2p"
Info: p2b: "fpga_only_master" instantiated altera_avalon_st_packets_to_bytes "p2b"
Info: transacto: "fpga_only_master" instantiated altera_avalon_packets_to_master "transacto"
Info: b2p_adapter: "fpga_only_master" instantiated channel_adapter "b2p_adapter"
Info: p2b_adapter: "fpga_only_master" instantiated channel_adapter "p2b_adapter"
Info: fpga_interfaces: "hps_0" instantiated altera_interface_generator "fpga_interfaces"
Info: hps_io: "hps_0" instantiated altera_hps_io "hps_io"
Info: alt_vip_vfr_0_avalon_master_translator: "mm_interconnect_0" instantiated altera_merlin_master_translator "alt_vip_vfr_0_avalon_master_translator"
Info: alt_vip_vfr_0_avalon_master_agent: "mm_interconnect_0" instantiated altera_merlin_master_agent "alt_vip_vfr_0_avalon_master_agent"
Info: hps_0_f2h_axi_slave_agent: "mm_interconnect_0" instantiated altera_merlin_axi_slave_ni "hps_0_f2h_axi_slave_agent"
Info: Reusing file /home/taisen/Documents/DE0_NANO_SOC_GHRD_MTL/soc_system/synthesis/submodules/altera_avalon_sc_fifo.v
Info: router: "mm_interconnect_0" instantiated altera_merlin_router "router"
Info: router_001: "mm_interconnect_0" instantiated altera_merlin_router "router_001"
Info: router_002: "mm_interconnect_0" instantiated altera_merlin_router "router_002"
Info: alt_vip_vfr_0_avalon_master_limiter: "mm_interconnect_0" instantiated altera_merlin_traffic_limiter "alt_vip_vfr_0_avalon_master_limiter"
Info: Reusing file /home/taisen/Documents/DE0_NANO_SOC_GHRD_MTL/soc_system/synthesis/submodules/altera_avalon_sc_fifo.v
Info: Reusing file /home/taisen/Documents/DE0_NANO_SOC_GHRD_MTL/soc_system/synthesis/submodules/altera_avalon_st_pipeline_base.v
Info: cmd_demux: "mm_interconnect_0" instantiated altera_merlin_demultiplexer "cmd_demux"
Info: cmd_mux: "mm_interconnect_0" instantiated altera_merlin_multiplexer "cmd_mux"
Info: rsp_mux: "mm_interconnect_0" instantiated altera_merlin_multiplexer "rsp_mux"
Info: Reusing file /home/taisen/Documents/DE0_NANO_SOC_GHRD_MTL/soc_system/synthesis/submodules/altera_merlin_arbitrator.sv
Info: alt_vip_vfr_0_avalon_master_cmd_width_adapter: "mm_interconnect_0" instantiated altera_merlin_width_adapter "alt_vip_vfr_0_avalon_master_cmd_width_adapter"
Info: Reusing file /home/taisen/Documents/DE0_NANO_SOC_GHRD_MTL/soc_system/synthesis/submodules/altera_merlin_address_alignment.sv
Info: Reusing file /home/taisen/Documents/DE0_NANO_SOC_GHRD_MTL/soc_system/synthesis/submodules/altera_merlin_burst_uncompressor.sv
Info: onchip_memory2_0_s1_translator: "mm_interconnect_1" instantiated altera_merlin_slave_translator "onchip_memory2_0_s1_translator"
Info: hps_0_h2f_axi_master_agent: "mm_interconnect_1" instantiated altera_merlin_axi_master_ni "hps_0_h2f_axi_master_agent"
Info: Reusing file /home/taisen/Documents/DE0_NANO_SOC_GHRD_MTL/soc_system/synthesis/submodules/altera_merlin_address_alignment.sv
Info: onchip_memory2_0_s1_agent: "mm_interconnect_1" instantiated altera_merlin_slave_agent "onchip_memory2_0_s1_agent"
Info: Reusing file /home/taisen/Documents/DE0_NANO_SOC_GHRD_MTL/soc_system/synthesis/submodules/altera_merlin_burst_uncompressor.sv
Info: router: "mm_interconnect_1" instantiated altera_merlin_router "router"
Info: router_002: "mm_interconnect_1" instantiated altera_merlin_router "router_002"
Info: router_003: "mm_interconnect_1" instantiated altera_merlin_router "router_003"
Info: router_005: "mm_interconnect_1" instantiated altera_merlin_router "router_005"
Info: router_006: "mm_interconnect_1" instantiated altera_merlin_router "router_006"
Info: router_007: "mm_interconnect_1" instantiated altera_merlin_router "router_007"
Info: router_012: "mm_interconnect_1" instantiated altera_merlin_router "router_012"
Info: onchip_memory2_0_s1_burst_adapter: "mm_interconnect_1" instantiated altera_merlin_burst_adapter "onchip_memory2_0_s1_burst_adapter"
Info: Reusing file /home/taisen/Documents/DE0_NANO_SOC_GHRD_MTL/soc_system/synthesis/submodules/altera_merlin_address_alignment.sv
Info: Reusing file /home/taisen/Documents/DE0_NANO_SOC_GHRD_MTL/soc_system/synthesis/submodules/altera_avalon_st_pipeline_stage.sv
Info: Reusing file /home/taisen/Documents/DE0_NANO_SOC_GHRD_MTL/soc_system/synthesis/submodules/altera_avalon_st_pipeline_base.v
Info: cmd_demux: "mm_interconnect_1" instantiated altera_merlin_demultiplexer "cmd_demux"
Info: cmd_demux_002: "mm_interconnect_1" instantiated altera_merlin_demultiplexer "cmd_demux_002"
Info: cmd_demux_003: "mm_interconnect_1" instantiated altera_merlin_demultiplexer "cmd_demux_003"
Info: cmd_mux: "mm_interconnect_1" instantiated altera_merlin_multiplexer "cmd_mux"
Info: Reusing file /home/taisen/Documents/DE0_NANO_SOC_GHRD_MTL/soc_system/synthesis/submodules/altera_merlin_arbitrator.sv
Info: cmd_mux_001: "mm_interconnect_1" instantiated altera_merlin_multiplexer "cmd_mux_001"
Info: Reusing file /home/taisen/Documents/DE0_NANO_SOC_GHRD_MTL/soc_system/synthesis/submodules/altera_merlin_arbitrator.sv
Info: cmd_mux_002: "mm_interconnect_1" instantiated altera_merlin_multiplexer "cmd_mux_002"
Info: Reusing file /home/taisen/Documents/DE0_NANO_SOC_GHRD_MTL/soc_system/synthesis/submodules/altera_merlin_arbitrator.sv
Info: cmd_mux_007: "mm_interconnect_1" instantiated altera_merlin_multiplexer "cmd_mux_007"
Info: Reusing file /home/taisen/Documents/DE0_NANO_SOC_GHRD_MTL/soc_system/synthesis/submodules/altera_merlin_arbitrator.sv
Info: rsp_demux: "mm_interconnect_1" instantiated altera_merlin_demultiplexer "rsp_demux"
Info: rsp_demux_001: "mm_interconnect_1" instantiated altera_merlin_demultiplexer "rsp_demux_001"
Info: rsp_demux_002: "mm_interconnect_1" instantiated altera_merlin_demultiplexer "rsp_demux_002"
Info: rsp_demux_007: "mm_interconnect_1" instantiated altera_merlin_demultiplexer "rsp_demux_007"
Info: rsp_mux: "mm_interconnect_1" instantiated altera_merlin_multiplexer "rsp_mux"
Info: Reusing file /home/taisen/Documents/DE0_NANO_SOC_GHRD_MTL/soc_system/synthesis/submodules/altera_merlin_arbitrator.sv
Info: rsp_mux_002: "mm_interconnect_1" instantiated altera_merlin_multiplexer "rsp_mux_002"
Info: Reusing file /home/taisen/Documents/DE0_NANO_SOC_GHRD_MTL/soc_system/synthesis/submodules/altera_merlin_arbitrator.sv
Info: rsp_mux_003: "mm_interconnect_1" instantiated altera_merlin_multiplexer "rsp_mux_003"
Info: Reusing file /home/taisen/Documents/DE0_NANO_SOC_GHRD_MTL/soc_system/synthesis/submodules/altera_merlin_arbitrator.sv
Info: crosser: "mm_interconnect_1" instantiated altera_avalon_st_handshake_clock_crosser "crosser"
Info: Reusing file /home/taisen/Documents/DE0_NANO_SOC_GHRD_MTL/soc_system/synthesis/submodules/altera_avalon_st_clock_crosser.v
Info: Reusing file /home/taisen/Documents/DE0_NANO_SOC_GHRD_MTL/soc_system/synthesis/submodules/altera_avalon_st_pipeline_base.v
Info: avalon_st_adapter: "mm_interconnect_1" instantiated altera_avalon_st_adapter "avalon_st_adapter"
Info: avalon_st_adapter_001: "mm_interconnect_1" instantiated altera_avalon_st_adapter "avalon_st_adapter_001"
Info: border: "hps_io" instantiated altera_interface_generator "border"
Info: error_adapter_0: "avalon_st_adapter" instantiated error_adapter "error_adapter_0"
Info: error_adapter_0: "avalon_st_adapter_001" instantiated error_adapter "error_adapter_0"
Info: soc_system: Done "soc_system" with 82 modules, 190 files
Info: ip-generate succeeded.
Info: Finished: Create HDL design files for synthesis
